<?xml version="1.0" encoding="UTF-8"?><testsuite errors="0" failures="1" name="Busqueda Despachos" skipped="0" tests="1" time="41.87" timestamp="2019-11-06 07:27:40"><testcase name="Buscar despachos de jurisdiccion disciplinaria"><failure message="Expected enabled element was not enabled" type="net.thucydides.core.webdriver.exceptions.ElementShouldBeEnabledException">Expected enabled element was not enabled</failure><system-err>Expected enabled element was not enabled&#13;
com.co.devco.automatizacion.stepdefinitions.DirectorioNacionalSteps.seleccionaDepartamentoCiudadJurisdiccion(DirectorioNacionalSteps.java:36)&#13;
cucumber.runner.PickleStepDefinitionMatch.runStep(PickleStepDefinitionMatch.java:50)&#13;
cucumber.runner.TestStep.executeStep(TestStep.java:63)&#13;
cucumber.runner.TestStep.run(TestStep.java:49)&#13;
cucumber.runner.PickleStepTestStep.run(PickleStepTestStep.java:43)&#13;
cucumber.runner.TestCase.run(TestCase.java:44)&#13;
cucumber.runner.Runner.runPickle(Runner.java:40)&#13;
</system-err></testcase></testsuite>