<?xml version="1.0" encoding="UTF-8"?><testsuite errors="0" failures="1" name="Busqueda Despachos" skipped="0" tests="1" time="111.46" timestamp="2019-11-06 10:00:37"><testcase name="Buscar despachos de jurisdiccion disciplinaria"><failure message="&#10;Expected: a string containing &quot;Resultados Encontrados: 4&quot;&#10;     but: was &quot;Resultados Encontrados: 5871&quot;" type="java.lang.AssertionError">
Expected: a string containing "Resultados Encontrados: 4"
     but: was "Resultados Encontrados: 5871"</failure><system-err>
Expected: a string containing "Resultados Encontrados: 4"
     but: was "Resultados Encontrados: 5871"&#13;
com.co.devco.automatizacion.stepdefinitions.DirectorioNacionalSteps.MostrarDespachos(DirectorioNacionalSteps.java:58)&#13;
✽.debe poder mostrar informacion de 4 despachos(src/test/resources/features/directorio_nacional.feature:12)&#13;
</system-err></testcase></testsuite>