<?xml version="1.0" encoding="UTF-8"?><testsuite errors="0" failures="1" name="Búsqueda Despachos" skipped="0" tests="1" time="11.83" timestamp="2019-11-04 01:46:44"><testcase name="Buscar despachos de jurisdiccion ordinaria"><failure message="Undefined default URL for page object PageObject" type="java.lang.AssertionError">Undefined default URL for page object PageObject</failure><system-err>Undefined default URL for page object PageObject&#13;
com.co.devco.automatizacion.stepdefinitions.DirectorioNacionalSteps.seleccionaDepartamentoCiudadJurisdiccion(DirectorioNacionalSteps.java:32)&#13;
cucumber.runner.PickleStepDefinitionMatch.runStep(PickleStepDefinitionMatch.java:50)&#13;
cucumber.runner.TestStep.executeStep(TestStep.java:63)&#13;
cucumber.runner.TestStep.run(TestStep.java:49)&#13;
cucumber.runner.PickleStepTestStep.run(PickleStepTestStep.java:43)&#13;
cucumber.runner.TestCase.run(TestCase.java:44)&#13;
cucumber.runner.Runner.runPickle(Runner.java:40)&#13;
</system-err></testcase></testsuite>